<?xml version="1.0" encoding="UTF-8"?>
<!-- Generated by org.testng.reporters.JUnitReportReporter -->
<testsuite hostname="LAPTOP-MU1OTS89" failures="0" tests="1" name="Tests.Day1" time="0.023" errors="0" timestamp="2024-09-13T17:41:39 IST" skipped="0">
  <testcase classname="Tests.Day1" name="Test_demo" time="0.023"/>
  <system-out/>
</testsuite> <!-- Tests.Day1 -->
